<?xml version="1.0" encoding="UTF-8"?>
<!-- Generated by org.testng.reporters.JUnitReportReporter -->
<testsuite hostname="DESKTOP-LBABU7R" failures="0" tests="1" name="Test.Test3" time="7.929" errors="0" timestamp="2024-08-24T23:06:22 BDT" skipped="0">
  <testcase classname="Test.Test3" name="VerifyModel" time="7.929"/>
</testsuite> <!-- Test.Test3 -->
