<?xml version="1.0" encoding="UTF-8"?>
<!-- Generated by org.testng.reporters.JUnitReportReporter -->
<testsuite hostname="DESKTOP-LBABU7R" failures="0" tests="1" name="Test.Test2" time="8.205" errors="0" timestamp="2024-08-24T22:45:06 BDT" skipped="0">
  <testcase classname="Test.Test2" name="verifyRandomSearch" time="8.205"/>
</testsuite> <!-- Test.Test2 -->
