<?xml version="1.0" encoding="UTF-8"?>
<!-- Generated by org.testng.reporters.JUnitReportReporter -->
<testsuite hostname="DESKTOP-LBABU7R" failures="0" tests="1" name="Test.Test1" time="6.535" errors="0" timestamp="2024-08-24T22:18:57 BDT" skipped="0">
  <testcase classname="Test.Test1" name="checkLogin" time="6.535"/>
</testsuite> <!-- Test.Test1 -->
